-------------------------------------------------------------------------------
Test set: online.hbat.recommend.RecommendApplicationTests
-------------------------------------------------------------------------------
Tests run: 1, Failures: 0, Errors: 1, Skipped: 0, Time elapsed: 1.356 s <<< FAILURE! - in online.hbat.recommend.RecommendApplicationTests
contextLoads  Time elapsed: 0 s  <<< ERROR!
java.lang.IllegalStateException: Failed to load ApplicationContext
Caused by: org.springframework.beans.factory.BeanCreationException: Error creating bean with name 'mongoClientSettings' defined in class path resource [org/springframework/boot/autoconfigure/mongo/MongoReactiveAutoConfiguration$MongoClientSettingsConfiguration.class]: Bean instantiation via factory method failed; nested exception is org.springframework.beans.BeanInstantiationException: Failed to instantiate [com.mongodb.MongoClientSettings]: Factory method 'mongoClientSettings' threw exception; nested exception is java.lang.NoClassDefFoundError: org/bson/codecs/configuration/CodecProvider
Caused by: org.springframework.beans.BeanInstantiationException: Failed to instantiate [com.mongodb.MongoClientSettings]: Factory method 'mongoClientSettings' threw exception; nested exception is java.lang.NoClassDefFoundError: org/bson/codecs/configuration/CodecProvider
Caused by: java.lang.NoClassDefFoundError: org/bson/codecs/configuration/CodecProvider
Caused by: java.lang.ClassNotFoundException: org.bson.codecs.configuration.CodecProvider

